<?xml version="1.0" encoding="UTF-8"?>
<!-- Generated by org.testng.reporters.JUnitReportReporter -->
<testsuite hostname="DESKTOP-7O0A022" failures="0" tests="1" name="Tests.TC01_LoginTest" time="14.468" errors="0" timestamp="2025-08-05T15:10:47 EEST" skipped="0">
  <testcase classname="Tests.TC01_LoginTest" name="validLogin" time="14.468"/>
</testsuite> <!-- Tests.TC01_LoginTest -->
